<?xml version="1.0" encoding="utf-8"?><testsuites name="pytest tests"><testsuite name="pytest" errors="0" failures="0" skipped="0" tests="38" time="18.542" timestamp="2026-03-11T06:33:16.865944+00:00" hostname="agent-env-e92960b1-d266-41bc-a710-4c054e6bc2c7"><testcase classname="tests.test_admin.TestAdminOperations" name="test_get_analytics" time="0.414" /><testcase classname="tests.test_admin.TestAdminOperations" name="test_list_users" time="0.393" /><testcase classname="tests.test_admin.TestAdminOperations" name="test_list_users_unauthorized" time="0.416" /><testcase classname="tests.test_admin.TestAdminOperations" name="test_create_user" time="0.602" /><testcase classname="tests.test_admin.TestAdminOperations" name="test_reset_user_password" time="1.742" /><testcase classname="tests.test_admin.TestAdminOperations" name="test_get_audit_logs" time="0.386" /><testcase classname="tests.test_admin.TestAdminOperations" name="test_get_credentials_list" time="0.372" /><testcase classname="tests.test_admin.TestNotifications" name="test_get_notifications" time="0.371" /><testcase classname="tests.test_admin.TestNotifications" name="test_get_unread_count" time="0.385" /><testcase classname="tests.test_admin.TestNotifications" name="test_mark_all_read" time="0.403" /><testcase classname="tests.test_approvals.TestApprovalWorkflow" name="test_tahsildar_approval_workflow" time="0.778" /><testcase classname="tests.test_approvals.TestApprovalWorkflow" name="test_sp_approval_workflow" time="0.755" /><testcase classname="tests.test_approvals.TestApprovalWorkflow" name="test_forest_approval_with_na" time="0.792" /><testcase classname="tests.test_approvals.TestApprovalWorkflow" name="test_approval_invalid_decision" time="0.762" /><testcase classname="tests.test_approvals.TestApprovalWorkflow" name="test_adc_remark" time="0.817" /><testcase classname="tests.test_approvals.TestApprovalWorkflow" name="test_dc_accept_decision" time="0.834" /><testcase classname="tests.test_approvals.TestApprovalWorkflow" name="test_dc_reject_decision" time="0.840" /><testcase classname="tests.test_auth.TestAuth" name="test_admin_login_success" time="0.319" /><testcase classname="tests.test_auth.TestAuth" name="test_caseworker_login_success" time="0.333" /><testcase classname="tests.test_auth.TestAuth" name="test_tahsildar_mangaluru_login_success" time="0.349" /><testcase classname="tests.test_auth.TestAuth" name="test_sp_login_success" time="0.333" /><testcase classname="tests.test_auth.TestAuth" name="test_forest_login_success" time="0.325" /><testcase classname="tests.test_auth.TestAuth" name="test_adc_login_success" time="0.320" /><testcase classname="tests.test_auth.TestAuth" name="test_dc_login_success" time="0.321" /><testcase classname="tests.test_auth.TestAuth" name="test_login_invalid_credentials" time="0.321" /><testcase classname="tests.test_auth.TestAuth" name="test_login_nonexistent_user" time="0.111" /><testcase classname="tests.test_auth.TestAuth" name="test_get_me_with_valid_token" time="0.369" /><testcase classname="tests.test_auth.TestAuth" name="test_get_me_without_token" time="0.102" /><testcase classname="tests.test_auth.TestAuth" name="test_get_me_with_invalid_token" time="0.103" /><testcase classname="tests.test_files.TestFileCRUD" name="test_create_file_as_caseworker" time="0.374" /><testcase classname="tests.test_files.TestFileCRUD" name="test_create_file_as_admin" time="0.376" /><testcase classname="tests.test_files.TestFileCRUD" name="test_create_file_invalid_tahsildar" time="0.378" /><testcase classname="tests.test_files.TestFileCRUD" name="test_create_file_unauthorized" time="0.384" /><testcase classname="tests.test_files.TestFileCRUD" name="test_list_files_as_caseworker" time="0.385" /><testcase classname="tests.test_files.TestFileCRUD" name="test_list_files_as_admin" time="0.625" /><testcase classname="tests.test_files.TestFileCRUD" name="test_get_file_detail" time="0.528" /><testcase classname="tests.test_files.TestFileCRUD" name="test_edit_file_as_caseworker" time="0.522" /><testcase classname="tests.test_files.TestFileCRUD" name="test_submit_file" time="0.536" /></testsuite></testsuites>