<?xml version="1.0" encoding="utf-8"?><testsuites name="pytest tests"><testsuite name="pytest" errors="0" failures="0" skipped="0" tests="6" time="6.035" timestamp="2026-03-11T07:12:39.896961+00:00" hostname="agent-env-e92960b1-d266-41bc-a710-4c054e6bc2c7"><testcase classname="tests.test_admin.TestAdminFileManagement" name="test_admin_edit_all_file_properties" time="0.865" /><testcase classname="tests.test_admin.TestAdminFileManagement" name="test_admin_edit_unauthorized" time="1.102" /><testcase classname="tests.test_admin.TestAdminFileManagement" name="test_admin_delete_file_and_related_data" time="0.895" /><testcase classname="tests.test_admin.TestAdminFileManagement" name="test_admin_delete_unauthorized" time="1.086" /><testcase classname="tests.test_admin.TestAdminFileManagement" name="test_admin_override_approval" time="0.908" /><testcase classname="tests.test_admin.TestAdminFileManagement" name="test_admin_override_unauthorized" time="1.128" /></testsuite></testsuites>